Build started 9/1/2016 8:56:14 PM.
     1>Project "C:\Users\UTRGVCS\Documents\Visual Studio 2013\Projects\CUDA_Thrust_sort1\CUDA_Thrust_sort1\CUDA_Thrust_sort1.vcxproj" on node 2 (Build target(s)).
     1>AddCudaCompileDeps:
         C:\Program Files (x86)\Microsoft Visual Studio 12.0\VC\bin\x86_amd64\cl.exe /E /nologo /showIncludes /TP /D__CUDACC__ /DWIN32 /DWIN64 /DNDEBUG /D_CONSOLE /D_MBCS /I"C:\Program Files\NVIDIA GPU Computing Toolkit\CUDA\v7.5\include" /I"C:\Program Files\NVIDIA GPU Computing Toolkit\CUDA\v7.5\bin" /I"C:\Program Files\NVIDIA GPU Computing Toolkit\CUDA\v7.5\include" /I. /FIcuda_runtime.h /c "C:\Users\UTRGVCS\Documents\Visual Studio 2013\Projects\CUDA_Thrust_sort1\CUDA_Thrust_sort1\kernel.cu" 
       CudaBuild:
         Compiling CUDA source file kernel.cu...
         cmd.exe /C "C:\Users\UTRGVCS\AppData\Local\Temp\tmp6892b5421dea4879b7acfccd49645b6f.cmd"
         "C:\Program Files\NVIDIA GPU Computing Toolkit\CUDA\v7.5\bin\nvcc.exe" -gencode=arch=compute_20,code=\"sm_20,compute_20\" --use-local-env --cl-version 2013 -ccbin "C:\Program Files (x86)\Microsoft Visual Studio 12.0\VC\bin\x86_amd64"  -I"C:\Program Files\NVIDIA GPU Computing Toolkit\CUDA\v7.5\include" -I"C:\Program Files\NVIDIA GPU Computing Toolkit\CUDA\v7.5\include"     --keep-dir x64\Release -maxrregcount=0  --machine 64 --compile -cudart static     -DWIN32 -DWIN64 -DNDEBUG -D_CONSOLE -D_MBCS -Xcompiler "/EHsc /W3 /nologo /O2 /Zi  /MD " -o x64\Release\kernel.cu.obj "C:\Users\UTRGVCS\Documents\Visual Studio 2013\Projects\CUDA_Thrust_sort1\CUDA_Thrust_sort1\kernel.cu"
         
         C:\Users\UTRGVCS\Documents\Visual Studio 2013\Projects\CUDA_Thrust_sort1\CUDA_Thrust_sort1>"C:\Program Files\NVIDIA GPU Computing Toolkit\CUDA\v7.5\bin\nvcc.exe" -gencode=arch=compute_20,code=\"sm_20,compute_20\" --use-local-env --cl-version 2013 -ccbin "C:\Program Files (x86)\Microsoft Visual Studio 12.0\VC\bin\x86_amd64"  -I"C:\Program Files\NVIDIA GPU Computing Toolkit\CUDA\v7.5\include" -I"C:\Program Files\NVIDIA GPU Computing Toolkit\CUDA\v7.5\include"     --keep-dir x64\Release -maxrregcount=0  --machine 64 --compile -cudart static     -DWIN32 -DWIN64 -DNDEBUG -D_CONSOLE -D_MBCS -Xcompiler "/EHsc /W3 /nologo /O2 /Zi  /MD " -o x64\Release\kernel.cu.obj "C:\Users\UTRGVCS\Documents\Visual Studio 2013\Projects\CUDA_Thrust_sort1\CUDA_Thrust_sort1\kernel.cu" 
         kernel.cu
     1>C:\Program Files\NVIDIA GPU Computing Toolkit\CUDA\v7.5\include\thrust/system/cuda/detail/bulk/execution_policy.hpp(241): warning C4267: 'argument' : conversion from 'size_t' to 'thrust::system::cuda::detail::bulk_::parallel_group<thrust::system::cuda::detail::bulk_::agent<0x01>,0x00>::size_type', possible loss of data
     1>C:\Program Files\NVIDIA GPU Computing Toolkit\CUDA\v7.5\include\thrust/system/cuda/detail/bulk/execution_policy.hpp(303): warning C4267: 'argument' : conversion from 'size_t' to 'thrust::system::cuda::detail::bulk_::parallel_group<thrust::system::cuda::detail::bulk_::agent<0x01>,0x00>::size_type', possible loss of data
     1>C:\Program Files\NVIDIA GPU Computing Toolkit\CUDA\v7.5\include\thrust/system/cuda/detail/bulk/execution_policy.hpp(319): warning C4267: 'argument' : conversion from 'size_t' to 'thrust::system::cuda::detail::bulk_::parallel_group<thrust::system::cuda::detail::bulk_::agent<0x01>,0x00>::size_type', possible loss of data
     1>C:\Program Files\NVIDIA GPU Computing Toolkit\CUDA\v7.5\include\thrust/system/cuda/detail/bulk/execution_policy.hpp(439): warning C4267: 'argument' : conversion from 'size_t' to 'thrust::system::cuda::detail::bulk_::concurrent_group<thrust::system::cuda::detail::bulk_::agent<0x01>,0x00>::size_type', possible loss of data
     1>C:/Users/UTRGVCS/Documents/Visual Studio 2013/Projects/CUDA_Thrust_sort1/CUDA_Thrust_sort1/kernel.cu(23): warning C4244: 'return' : conversion from 'double' to 'float', possible loss of data
     1>C:\Program Files\NVIDIA GPU Computing Toolkit\CUDA\v7.5\include\thrust/system/cuda/detail/bulk/execution_policy.hpp(250): warning C4267: 'argument' : conversion from 'size_t' to 'thrust::system::cuda::detail::bulk_::parallel_group<thrust::system::cuda::detail::bulk_::concurrent_group<thrust::system::cuda::detail::bulk_::agent<0x01>,0x00>,0x00>::size_type', possible loss of data
                 C:\Program Files\NVIDIA GPU Computing Toolkit\CUDA\v7.5\include\thrust/system/cuda/detail/bulk/execution_policy.hpp(625) : see reference to function template instantiation 'thrust::system::cuda::detail::bulk_::parallel_group<thrust::system::cuda::detail::bulk_::concurrent_group<thrust::system::cuda::detail::bulk_::agent<0x01>,0x00>,0x00> thrust::system::cuda::detail::bulk_::par<thrust::system::cuda::detail::bulk_::concurrent_group<thrust::system::cuda::detail::bulk_::agent<0x01>,0x00>>(ExecutionAgent,size_t)' being compiled
                 with
                 [
                     ExecutionAgent=thrust::system::cuda::detail::bulk_::concurrent_group<thrust::system::cuda::detail::bulk_::agent<0x01>,0x00>
                 ]
     1>C:\Program Files\NVIDIA GPU Computing Toolkit\CUDA\v7.5\include\thrust/system/cuda/detail/bulk/detail/cuda_launcher/cuda_launcher.hpp(155): warning C4267: 'return' : conversion from 'size_t' to 'int', possible loss of data
                 C:\Program Files\NVIDIA GPU Computing Toolkit\CUDA\v7.5\include\thrust/system/cuda/detail/bulk/detail/cuda_launcher/cuda_launcher.hpp(148) : while compiling class template member function 'int thrust::system::cuda::detail::bulk_::detail::cuda_launcher_base<0,thrust::system::cuda::detail::bulk_::parallel_group<thrust::system::cuda::detail::bulk_::concurrent_group<thrust::system::cuda::detail::bulk_::agent<0x01>,0x00>,0x00>,Closure>::choose_group_size(int)'
                 with
                 [
                     Closure=thrust::system::cuda::detail::bulk_::detail::closure<thrust::system::cuda::detail::for_each_n_detail::for_each_kernel,thrust::tuple<thrust::system::cuda::detail::bulk_::detail::cursor<0>,thrust::device_ptr<int>,thrust::detail::wrapped_function<thrust::detail::device_generate_functor<thrust::detail::fill_functor<int>>,void>,unsigned int,thrust::null_type,thrust::null_type,thrust::null_type,thrust::null_type,thrust::null_type,thrust::null_type>>
                 ]
                 C:\Program Files\NVIDIA GPU Computing Toolkit\CUDA\v7.5\include\thrust/system/cuda/detail/bulk/detail/cuda_launcher/cuda_launcher.hpp(305) : see reference to function template instantiation 'int thrust::system::cuda::detail::bulk_::detail::cuda_launcher_base<0,thrust::system::cuda::detail::bulk_::parallel_group<thrust::system::cuda::detail::bulk_::concurrent_group<thrust::system::cuda::detail::bulk_::agent<0x01>,0x00>,0x00>,Closure>::choose_group_size(int)' being compiled
                 with
                 [
                     Closure=thrust::system::cuda::detail::bulk_::detail::closure<thrust::system::cuda::detail::for_each_n_detail::for_each_kernel,thrust::tuple<thrust::system::cuda::detail::bulk_::detail::cursor<0>,thrust::device_ptr<int>,thrust::detail::wrapped_function<thrust::detail::device_generate_functor<thrust::detail::fill_functor<int>>,void>,unsigned int,thrust::null_type,thrust::null_type,thrust::null_type,thrust::null_type,thrust::null_type,thrust::null_type>>
                 ]
                 C:\Program Files\NVIDIA GPU Computing Toolkit\CUDA\v7.5\include\thrust/system/cuda/detail/bulk/detail/cuda_launcher/cuda_launcher.hpp(228) : see reference to class template instantiation 'thrust::system::cuda::detail::bulk_::detail::cuda_launcher_base<0,thrust::system::cuda::detail::bulk_::parallel_group<thrust::system::cuda::detail::bulk_::concurrent_group<thrust::system::cuda::detail::bulk_::agent<0x01>,0x00>,0x00>,Closure>' being compiled
                 with
                 [
                     Closure=thrust::system::cuda::detail::bulk_::detail::closure<thrust::system::cuda::detail::for_each_n_detail::for_each_kernel,thrust::tuple<thrust::system::cuda::detail::bulk_::detail::cursor<0>,thrust::device_ptr<int>,thrust::detail::wrapped_function<thrust::detail::device_generate_functor<thrust::detail::fill_functor<int>>,void>,unsigned int,thrust::null_type,thrust::null_type,thrust::null_type,thrust::null_type,thrust::null_type,thrust::null_type>>
                 ]
                 C:\Program Files\NVIDIA GPU Computing Toolkit\CUDA\v7.5\include\thrust/system/cuda/detail/bulk/detail/choose_sizes.inl(41) : see reference to class template instantiation 'thrust::system::cuda::detail::bulk_::detail::cuda_launcher<thrust::system::cuda::detail::bulk_::parallel_group<thrust::system::cuda::detail::bulk_::concurrent_group<thrust::system::cuda::detail::bulk_::agent<0x01>,0x00>,0x00>,Closure>' being compiled
                 with
                 [
                     Closure=thrust::system::cuda::detail::bulk_::detail::closure<thrust::system::cuda::detail::for_each_n_detail::for_each_kernel,thrust::tuple<thrust::system::cuda::detail::bulk_::detail::cursor<0>,thrust::device_ptr<int>,thrust::detail::wrapped_function<thrust::detail::device_generate_functor<thrust::detail::fill_functor<int>>,void>,unsigned int,thrust::null_type,thrust::null_type,thrust::null_type,thrust::null_type,thrust::null_type,thrust::null_type>>
                 ]
                 C:\Program Files\NVIDIA GPU Computing Toolkit\CUDA\v7.5\include\thrust/system/cuda/detail/bulk/detail/choose_sizes.inl(96) : see reference to function template instantiation 'thrust::pair<int,int> thrust::system::cuda::detail::bulk_::detail::choose_sizes<thrust::system::cuda::detail::bulk_::detail::closure<thrust::system::cuda::detail::for_each_n_detail::for_each_kernel,thrust::tuple<thrust::system::cuda::detail::bulk_::detail::cursor<0>,thrust::device_ptr<T>,thrust::detail::wrapped_function<thrust::detail::device_generate_functor<thrust::detail::fill_functor<T>>,void>,unsigned int,thrust::null_type,thrust::null_type,thrust::null_type,thrust::null_type,thrust::null_type,thrust::null_type>>>(thrust::system::cuda::detail::bulk_::parallel_group<thrust::system::cuda::detail::bulk_::concurrent_group<thrust::system::cuda::detail::bulk_::agent<0x01>,0x00>,0x00>,Closure)' being compiled
                 with
                 [
                     T=int
         ,            Closure=thrust::system::cuda::detail::bulk_::detail::closure<thrust::system::cuda::detail::for_each_n_detail::for_each_kernel,thrust::tuple<thrust::system::cuda::detail::bulk_::detail::cursor<0>,thrust::device_ptr<int>,thrust::detail::wrapped_function<thrust::detail::device_generate_functor<thrust::detail::fill_functor<int>>,void>,unsigned int,thrust::null_type,thrust::null_type,thrust::null_type,thrust::null_type,thrust::null_type,thrust::null_type>>
                 ]
                 C:\Program Files\NVIDIA GPU Computing Toolkit\CUDA\v7.5\include\thrust/system/cuda/detail/for_each.inl(125) : see reference to function template instantiation 'thrust::pair<int,int> thrust::system::cuda::detail::bulk_::choose_sizes<thrust::system::cuda::detail::for_each_n_detail::for_each_kernel,thrust::system::cuda::detail::bulk_::detail::cursor<0>,RandomAccessIterator,thrust::detail::wrapped_function<thrust::detail::device_generate_functor<thrust::detail::fill_functor<int>>,void>,unsigned int>(thrust::system::cuda::detail::bulk_::parallel_group<thrust::system::cuda::detail::bulk_::concurrent_group<thrust::system::cuda::detail::bulk_::agent<0x01>,0x00>,0x00>,Function,Arg1,Arg2,Arg3,Arg4)' being compiled
                 with
                 [
                     RandomAccessIterator=thrust::device_ptr<int>
         ,            Function=thrust::system::cuda::detail::for_each_n_detail::for_each_kernel
         ,            Arg1=thrust::system::cuda::detail::bulk_::detail::cursor<0>
         ,            Arg2=thrust::device_ptr<int>
         ,            Arg3=thrust::detail::wrapped_function<thrust::detail::device_generate_functor<thrust::detail::fill_functor<int>>,void>
         ,            Arg4=unsigned int
                 ]
                 C:\Program Files\NVIDIA GPU Computing Toolkit\CUDA\v7.5\include\thrust/iterator/iterator_facade.h(309) : while compiling class template member function 'thrust::reference<Element,thrust::pointer<Element,System,thrust::use_default,thrust::use_default>,thrust::use_default> thrust::iterator_facade<Derived,char,System,thrust::random_access_traversal_tag,thrust::reference<Element,thrust::pointer<Element,System,thrust::use_default,thrust::use_default>,thrust::use_default>,__int64>::operator *(void) const'
                 with
                 [
                     Element=char
         ,            System=thrust::system::cuda::detail::tag
         ,            Derived=thrust::detail::normal_iterator<thrust::pointer<char,thrust::system::cuda::detail::tag,thrust::use_default,thrust::use_default>>
                 ]
                 C:\Program Files\NVIDIA GPU Computing Toolkit\CUDA\v7.5\include\thrust/iterator/iterator_facade.h(328) : see reference to function template instantiation 'thrust::reference<Element,thrust::pointer<Element,System,thrust::use_default,thrust::use_default>,thrust::use_default> thrust::iterator_facade<Derived,char,System,thrust::random_access_traversal_tag,thrust::reference<Element,thrust::pointer<Element,System,thrust::use_default,thrust::use_default>,thrust::use_default>,__int64>::operator *(void) const' being compiled
                 with
                 [
                     Element=char
         ,            System=thrust::system::cuda::detail::tag
         ,            Derived=thrust::detail::normal_iterator<thrust::pointer<char,thrust::system::cuda::detail::tag,thrust::use_default,thrust::use_default>>
                 ]
                 C:\Program Files\NVIDIA GPU Computing Toolkit\CUDA\v7.5\include\thrust/iterator/iterator_adaptor.h(121) : see reference to class template instantiation 'thrust::iterator_facade<Derived,char,thrust::system::cuda::detail::tag,thrust::random_access_traversal_tag,thrust::reference<Element,thrust::pointer<Element,System,thrust::use_default,thrust::use_default>,thrust::use_default>,__int64>' being compiled
                 with
                 [
                     Derived=thrust::detail::normal_iterator<thrust::pointer<char,thrust::system::cuda::detail::tag,thrust::use_default,thrust::use_default>>
         ,            Element=char
         ,            System=thrust::system::cuda::detail::tag
                 ]
                 C:\Program Files\NVIDIA GPU Computing Toolkit\CUDA\v7.5\include\thrust/iterator/detail/normal_iterator.h(36) : see reference to class template instantiation 'thrust::iterator_adaptor<thrust::detail::normal_iterator<thrust::pointer<T,System,thrust::use_default,thrust::use_default>>,Pointer,thrust::use_default,thrust::use_default,thrust::use_default,thrust::use_default,thrust::use_default>' being compiled
                 with
                 [
                     T=char
         ,            System=thrust::system::cuda::detail::tag
         ,            Pointer=thrust::pointer<char,thrust::system::cuda::detail::tag,thrust::use_default,thrust::use_default>
                 ]
                 C:\Program Files\NVIDIA GPU Computing Toolkit\CUDA\v7.5\include\thrust/detail/contiguous_storage.h(139) : see reference to class template instantiation 'thrust::detail::normal_iterator<thrust::pointer<T,System,thrust::use_default,thrust::use_default>>' being compiled
                 with
                 [
                     T=char
         ,            System=thrust::system::cuda::detail::tag
                 ]
                 C:\Program Files\NVIDIA GPU Computing Toolkit\CUDA\v7.5\include\thrust/detail/temporary_array.h(38) : see reference to class template instantiation 'thrust::detail::contiguous_storage<T,thrust::detail::no_throw_allocator<thrust::detail::temporary_allocator<T,System>>>' being compiled
                 with
                 [
                     T=char
         ,            System=thrust::system::cuda::detail::tag
                 ]
                 C:\Program Files\NVIDIA GPU Computing Toolkit\CUDA\v7.5\include\thrust/system/cuda/detail/detail/stable_radix_sort.inl(200) : see reference to class template instantiation 'thrust::detail::temporary_array<char,DerivedPolicy>' being compiled
                 with
                 [
                     DerivedPolicy=thrust::system::cuda::detail::tag
                 ]
                 C:\Program Files\NVIDIA GPU Computing Toolkit\CUDA\v7.5\include\thrust/system/cuda/detail/detail/stable_radix_sort.inl(239) : see reference to function template instantiation 'void thrust::system::cuda::detail::detail::stable_radix_sort_detail::stable_radix_sort_n<thrust::system::cuda::detail::tag,Element,thrust::less<int>>(thrust::system::cuda::detail::execution_policy<thrust::system::cuda::detail::tag> &,T *,size_t,Compare)' being compiled
                 with
                 [
                     Element=int
         ,            T=int
         ,            Compare=thrust::less<int>
                 ]
                 C:\Program Files\NVIDIA GPU Computing Toolkit\CUDA\v7.5\include\thrust/system/cuda/detail/detail/stable_primitive_sort.inl(104) : see reference to function template instantiation 'void thrust::system::cuda::detail::detail::stable_radix_sort<thrust::system::cuda::detail::tag,RandomAccessIterator>(thrust::system::cuda::detail::execution_policy<thrust::system::cuda::detail::tag> &,RandomAccessIterator,RandomAccessIterator,thrust::less<int>)' being compiled
                 with
                 [
                     RandomAccessIterator=thrust::detail::normal_iterator<thrust::device_ptr<int>>
                 ]
                 C:\Program Files\NVIDIA GPU Computing Toolkit\CUDA\v7.5\include\thrust/system/cuda/detail/detail/stable_primitive_sort.inl(199) : see reference to function template instantiation 'void thrust::system::cuda::detail::detail::stable_primitive_sort_detail::stable_primitive_sort<thrust::system::cuda::detail::tag,RandomAccessIterator,thrust::less<int>>(thrust::system::cuda::detail::execution_policy<thrust::system::cuda::detail::tag> &,RandomAccessIterator,RandomAccessIterator,Compare)' being compiled
                 with
                 [
                     RandomAccessIterator=thrust::detail::normal_iterator<thrust::device_ptr<int>>
         ,            Compare=thrust::less<int>
                 ]
                 C:\Program Files\NVIDIA GPU Computing Toolkit\CUDA\v7.5\include\thrust/system/cuda/detail/sort.inl(115) : see reference to function template instantiation 'void thrust::system::cuda::detail::detail::stable_primitive_sort<thrust::system::cuda::detail::tag,thrust::detail::normal_iterator<thrust::device_ptr<T>>>(thrust::system::cuda::detail::execution_policy<thrust::system::cuda::detail::tag> &,RandomAccessIterator,RandomAccessIterator,thrust::less<T>)' being compiled
                 with
                 [
                     T=int
         ,            RandomAccessIterator=thrust::detail::normal_iterator<thrust::device_ptr<int>>
                 ]
                 C:\Program Files\NVIDIA GPU Computing Toolkit\CUDA\v7.5\include\thrust/system/cuda/detail/sort.inl(213) : see reference to function template instantiation 'void thrust::system::cuda::detail::stable_sort_detail::stable_sort<thrust::system::cuda::detail::tag,RandomAccessIterator,StrictWeakOrdering>(thrust::system::cuda::detail::execution_policy<thrust::system::cuda::detail::tag> &,RandomAccessIterator,RandomAccessIterator,StrictWeakOrdering)' being compiled
                 with
                 [
                     RandomAccessIterator=thrust::detail::normal_iterator<thrust::device_ptr<int>>
         ,            StrictWeakOrdering=thrust::less<int>
                 ]
                 C:\Program Files\NVIDIA GPU Computing Toolkit\CUDA\v7.5\include\thrust/iterator/iterator_facade.h(379) : while compiling class template member function 'thrust::detail::normal_iterator<thrust::device_ptr<const T>> &thrust::iterator_facade<Derived,float,thrust::system::cuda::detail::tag,thrust::random_access_traversal_tag,thrust::device_reference<const T>,__int64>::operator +=(__int64)'
                 with
                 [
                     T=float
         ,            Derived=thrust::detail::normal_iterator<thrust::device_ptr<const float>>
                 ]
                 C:\Program Files\NVIDIA GPU Computing Toolkit\CUDA\v7.5\include\thrust/system/detail/generic/advance.inl(49) : see reference to function template instantiation 'thrust::detail::normal_iterator<thrust::device_ptr<const T>> &thrust::iterator_facade<Derived,float,thrust::system::cuda::detail::tag,thrust::random_access_traversal_tag,thrust::device_reference<const T>,__int64>::operator +=(__int64)' being compiled
                 with
                 [
                     T=float
         ,            Derived=thrust::detail::normal_iterator<thrust::device_ptr<const float>>
                 ]
                 C:\Program Files\NVIDIA GPU Computing Toolkit\CUDA\v7.5\include\thrust/iterator/iterator_adaptor.h(121) : see reference to class template instantiation 'thrust::iterator_facade<Derived,float,thrust::system::cuda::detail::tag,thrust::random_access_traversal_tag,thrust::device_reference<const T>,__int64>' being compiled
                 with
                 [
                     Derived=thrust::detail::normal_iterator<thrust::device_ptr<const float>>
         ,            T=float
                 ]
                 C:\Program Files\NVIDIA GPU Computing Toolkit\CUDA\v7.5\include\thrust/iterator/detail/normal_iterator.h(36) : see reference to class template instantiation 'thrust::iterator_adaptor<thrust::detail::normal_iterator<thrust::device_ptr<const T>>,Pointer,thrust::use_default,thrust::use_default,thrust::use_default,thrust::use_default,thrust::use_default>' being compiled
                 with
                 [
                     T=float
         ,            Pointer=thrust::device_ptr<const float>
                 ]
                 C:\Program Files\NVIDIA GPU Computing Toolkit\CUDA\v7.5\include\thrust/detail/vector_base.inl(106) : see reference to class template instantiation 'thrust::detail::normal_iterator<thrust::device_ptr<const T>>' being compiled
                 with
                 [
                     T=float
                 ]
                 C:\Program Files\NVIDIA GPU Computing Toolkit\CUDA\v7.5\include\thrust/host_vector.h(148) : see reference to function template instantiation 'thrust::detail::vector_base<T,Alloc> &thrust::detail::vector_base<T,Alloc>::operator =<T,thrust::device_malloc_allocator<T>>(const thrust::detail::vector_base<T,thrust::device_malloc_allocator<T>> &)' being compiled
                 with
                 [
                     T=float
         ,            Alloc=std::allocator<float>
                 ]
                 C:\Program Files\NVIDIA GPU Computing Toolkit\CUDA\v7.5\include\thrust/host_vector.h(148) : see reference to function template instantiation 'thrust::detail::vector_base<T,Alloc> &thrust::detail::vector_base<T,Alloc>::operator =<T,thrust::device_malloc_allocator<T>>(const thrust::detail::vector_base<T,thrust::device_malloc_allocator<T>> &)' being compiled
                 with
                 [
                     T=float
         ,            Alloc=std::allocator<float>
                 ]
                 C:/Users/UTRGVCS/Documents/Visual Studio 2013/Projects/CUDA_Thrust_sort1/CUDA_Thrust_sort1/kernel.cu(127) : see reference to function template instantiation 'thrust::host_vector<float,std::allocator<float>> &thrust::host_vector<float,std::allocator<float>>::operator =<float,thrust::device_malloc_allocator<T>>(const thrust::device_vector<T,thrust::device_malloc_allocator<T>> &)' being compiled
                 with
                 [
                     T=float
                 ]
                 C:/Users/UTRGVCS/Documents/Visual Studio 2013/Projects/CUDA_Thrust_sort1/CUDA_Thrust_sort1/kernel.cu(127) : see reference to function template instantiation 'thrust::host_vector<float,std::allocator<float>> &thrust::host_vector<float,std::allocator<float>>::operator =<float,thrust::device_malloc_allocator<T>>(const thrust::device_vector<T,thrust::device_malloc_allocator<T>> &)' being compiled
                 with
                 [
                     T=float
                 ]
     1>C:\Program Files\NVIDIA GPU Computing Toolkit\CUDA\v7.5\include\thrust/system/cuda/detail/bulk/detail/cuda_launcher/cuda_launcher.hpp(85): warning C4267: 'return' : conversion from 'size_t' to 'int', possible loss of data
                 C:\Program Files\NVIDIA GPU Computing Toolkit\CUDA\v7.5\include\thrust/system/cuda/detail/bulk/detail/cuda_launcher/cuda_launcher.hpp(84) : while compiling class template member function 'int thrust::system::cuda::detail::bulk_::detail::cuda_launcher_base<0,thrust::system::cuda::detail::bulk_::parallel_group<thrust::system::cuda::detail::bulk_::concurrent_group<thrust::system::cuda::detail::bulk_::agent<0x01>,0x00>,0x00>,Closure>::max_active_blocks_per_multiprocessor(const thrust::system::cuda::detail::bulk_::detail::device_properties_t &,const thrust::system::cuda::detail::bulk_::detail::function_attributes_t &,int,int)'
                 with
                 [
                     Closure=thrust::system::cuda::detail::bulk_::detail::closure<thrust::system::cuda::detail::for_each_n_detail::for_each_kernel,thrust::tuple<thrust::system::cuda::detail::bulk_::detail::cursor<0>,thrust::device_ptr<int>,thrust::detail::wrapped_function<thrust::detail::device_generate_functor<thrust::detail::fill_functor<int>>,void>,unsigned int,thrust::null_type,thrust::null_type,thrust::null_type,thrust::null_type,thrust::null_type,thrust::null_type>>
                 ]
                 C:\Program Files\NVIDIA GPU Computing Toolkit\CUDA\v7.5\include\thrust/system/cuda/detail/bulk/detail/cuda_launcher/cuda_launcher.hpp(96) : see reference to function template instantiation 'int thrust::system::cuda::detail::bulk_::detail::cuda_launcher_base<0,thrust::system::cuda::detail::bulk_::parallel_group<thrust::system::cuda::detail::bulk_::concurrent_group<thrust::system::cuda::detail::bulk_::agent<0x01>,0x00>,0x00>,Closure>::max_active_blocks_per_multiprocessor(const thrust::system::cuda::detail::bulk_::detail::device_properties_t &,const thrust::system::cuda::detail::bulk_::detail::function_attributes_t &,int,int)' being compiled
                 with
                 [
                     Closure=thrust::system::cuda::detail::bulk_::detail::closure<thrust::system::cuda::detail::for_each_n_detail::for_each_kernel,thrust::tuple<thrust::system::cuda::detail::bulk_::detail::cursor<0>,thrust::device_ptr<int>,thrust::detail::wrapped_function<thrust::detail::device_generate_functor<thrust::detail::fill_functor<int>>,void>,unsigned int,thrust::null_type,thrust::null_type,thrust::null_type,thrust::null_type,thrust::null_type,thrust::null_type>>
                 ]
     1>C:\Program Files\NVIDIA GPU Computing Toolkit\CUDA\v7.5\include\thrust/detail/pair.inl(46): warning C4267: 'initializing' : conversion from 'size_t' to 'int', possible loss of data
                 C:\Program Files\NVIDIA GPU Computing Toolkit\CUDA\v7.5\include\thrust/system/cuda/detail/bulk/detail/cuda_launcher/cuda_launcher.hpp(101) : see reference to function template instantiation 'thrust::pair<int,int>::pair<size_t,int>(const thrust::pair<size_t,int> &)' being compiled
                 C:\Program Files\NVIDIA GPU Computing Toolkit\CUDA\v7.5\include\thrust/system/cuda/detail/bulk/detail/cuda_launcher/cuda_launcher.hpp(101) : see reference to function template instantiation 'thrust::pair<int,int>::pair<size_t,int>(const thrust::pair<size_t,int> &)' being compiled
                 C:\Program Files\NVIDIA GPU Computing Toolkit\CUDA\v7.5\include\thrust/system/cuda/detail/bulk/detail/cuda_launcher/cuda_launcher.hpp(94) : while compiling class template member function 'thrust::pair<int,int> thrust::system::cuda::detail::bulk_::detail::cuda_launcher_base<0,thrust::system::cuda::detail::bulk_::parallel_group<thrust::system::cuda::detail::bulk_::concurrent_group<thrust::system::cuda::detail::bulk_::agent<0x01>,0x00>,0x00>,Closure>::dynamic_smem_occupancy_limit(const thrust::system::cuda::detail::bulk_::detail::device_properties_t &,const thrust::system::cuda::detail::bulk_::detail::function_attributes_t &,int,int)'
                 with
                 [
                     Closure=thrust::system::cuda::detail::bulk_::detail::closure<thrust::system::cuda::detail::for_each_n_detail::for_each_kernel,thrust::tuple<thrust::system::cuda::detail::bulk_::detail::cursor<0>,thrust::device_ptr<int>,thrust::detail::wrapped_function<thrust::detail::device_generate_functor<thrust::detail::fill_functor<int>>,void>,unsigned int,thrust::null_type,thrust::null_type,thrust::null_type,thrust::null_type,thrust::null_type,thrust::null_type>>
                 ]
                 C:\Program Files\NVIDIA GPU Computing Toolkit\CUDA\v7.5\include\thrust/system/cuda/detail/bulk/detail/cuda_launcher/cuda_launcher.hpp(119) : see reference to function template instantiation 'thrust::pair<int,int> thrust::system::cuda::detail::bulk_::detail::cuda_launcher_base<0,thrust::system::cuda::detail::bulk_::parallel_group<thrust::system::cuda::detail::bulk_::concurrent_group<thrust::system::cuda::detail::bulk_::agent<0x01>,0x00>,0x00>,Closure>::dynamic_smem_occupancy_limit(const thrust::system::cuda::detail::bulk_::detail::device_properties_t &,const thrust::system::cuda::detail::bulk_::detail::function_attributes_t &,int,int)' being compiled
                 with
                 [
                     Closure=thrust::system::cuda::detail::bulk_::detail::closure<thrust::system::cuda::detail::for_each_n_detail::for_each_kernel,thrust::tuple<thrust::system::cuda::detail::bulk_::detail::cursor<0>,thrust::device_ptr<int>,thrust::detail::wrapped_function<thrust::detail::device_generate_functor<thrust::detail::fill_functor<int>>,void>,unsigned int,thrust::null_type,thrust::null_type,thrust::null_type,thrust::null_type,thrust::null_type,thrust::null_type>>
                 ]
     1>C:\Program Files\NVIDIA GPU Computing Toolkit\CUDA\v7.5\include\thrust/detail/tuple.inl(375): warning C4503: 'thrust::iterator_facade<thrust::zip_iterator<thrust::tuple<InputIterator,OutputIterator,thrust::null_type,thrust::null_type,thrust::null_type,thrust::null_type,thrust::null_type,thrust::null_type,thrust::null_type,thrust::null_type>>,thrust::tuple<thrust::tuple<float,int,thrust::null_type,thrust::null_type,thrust::null_type,thrust::null_type,thrust::null_type,thrust::null_type,thrust::null_type,thrust::null_type>,thrust::tuple<float,int,thrust::null_type,thrust::null_type,thrust::null_type,thrust::null_type,thrust::null_type,thrust::null_type,thrust::null_type,thrust::null_type>,thrust::null_type,thrust::null_type,thrust::null_type,thrust::null_type,thrust::null_type,thrust::null_type,thrust::null_type,thrust::null_type>,thrust::detail::unrelated_systems<T1,T2,T3,T4,T5,T6,T7,T8,T9,T10,T11,T12,T13,T14,T15,T16>,thrust::random_access_traversal_tag,thrust::detail::tuple_of_iterator_references<thrust::detail::tuple_of_iterator_references<thrust::reference<Element,thrust::pointer<Element,System,thrust::use_default,thrust::use_default>,thrust::use_default>,int &,thrust::null_type,thrust::null_type,thrust::null_type,thrust::null_type,thrust::null_type,thrust::null_type,thrust::null_type,thrust::null_type>,thrust::detail::tuple_of_iterator_references<thrust::device_reference<T>,int &,thrust::null_type,thrust::null_type,thrust::null_type,thrust::null_type,thrust::null_type,thrust::null_type,thrust::null_type,thrust::null_type>,thrust::null_type,thrust::null_type,thrust::null_type,thrust::null_type,thrust::null_type,thrust::null_type,thrust::null_type,thrust::null_type>,__int64>' : decorated name length exceeded, name was truncated
                 with
                 [
                     InputIterator=thrust::zip_iterator<thrust::tuple<thrust::detail::normal_iterator<thrust::pointer<float,thrust::detail::seq_t,thrust::use_default,thrust::use_default>>,int *,thrust::null_type,thrust::null_type,thrust::null_type,thrust::null_type,thrust::null_type,thrust::null_type,thrust::null_type,thrust::null_type>>
         ,            OutputIterator=thrust::permutation_iterator<thrust::zip_iterator<thrust::tuple<thrust::detail::normal_iterator<thrust::device_ptr<float>>,int *,thrust::null_type,thrust::null_type,thrust::null_type,thrust::null_type,thrust::null_type,thrust::null_type,thrust::null_type,thrust::null_type>>,thrust::transform_iterator<thrust::system::detail::sequential::radix_sort_detail::bucket_functor<4,float>,thrust::detail::normal_iterator<thrust::pointer<float,thrust::detail::seq_t,thrust::use_default,thrust::use_default>>,thrust::use_default,thrust::use_default>>
         ,            T1=thrust::detail::seq_t
         ,            T2=thrust::detail::unrelated_systems<thrust::detail::unrelated_systems<thrust::system::cuda::detail::tag,thrust::system::cpp::detail::tag,thrust::detail::minimum_type_detail::any_conversion,thrust::detail::minimum_type_detail::any_conversion,thrust::detail::minimum_type_detail::any_conversion,thrust::detail::minimum_type_detail::any_conversion,thrust::detail::minimum_type_detail::any_conversion,thrust::detail::minimum_type_detail::any_conversion,thrust::detail::minimum_type_detail::any_conversion,thrust::detail::minimum_type_detail::any_conversion,thrust::detail::minimum_type_detail::any_conversion,thrust::detail::minimum_type_detail::any_conversion,thrust::detail::minimum_type_detail::any_conversion,thrust::detail::minimum_type_detail::any_conversion,thrust::detail::minimum_type_detail::any_conversion,thrust::detail::minimum_type_detail::any_conversion>,thrust::detail::seq_t,thrust::detail::minimum_type_detail::any_conversion,thrust::detail::minimum_type_detail::any_conversion,thrust::detail::minimum_type_detail::any_conversion,thrust::detail::minimum_type_detail::any_conversion,thrust::detail::minimum_type_detail::any_conversion,thrust::detail::minimum_type_detail::any_conversion,thrust::detail::minimum_type_detail::any_conversion,thrust::detail::minimum_type_detail::any_conversion,thrust::detail::minimum_type_detail::any_conversion,thrust::detail::minimum_type_detail::any_conversion,thrust::detail::minimum_type_detail::any_conversion,thrust::detail::minimum_type_detail::any_conversion,thrust::detail::minimum_type_detail::any_conversion,thrust::detail::minimum_type_detail::any_conversion>
         ,            T3=thrust::detail::minimum_type_detail::any_conversion
         ,            T4=thrust::detail::minimum_type_detail::any_conversion
         ,            T5=thrust::detail::minimum_type_detail::any_conversion
         ,            T6=thrust::detail::minimum_type_detail::any_conversion
         ,            T7=thrust::detail::minimum_type_detail::any_conversion
         ,            T8=thrust::detail::minimum_type_detail::any_conversion
         ,            T9=thrust::detail::minimum_type_detail::any_conversion
         ,            T10=thrust::detail::minimum_type_detail::any_conversion
         ,            T11=thrust::detail::minimum_type_detail::any_conversion
         ,            T12=thrust::detail::minimum_type_detail::any_conversion
         ,            T13=thrust::detail::minimum_type_detail::any_conversion
         ,            T14=thrust::detail::minimum_type_detail::any_conversion
         ,            T15=thrust::detail::minimum_type_detail::any_conversion
         ,            T16=thrust::detail::minimum_type_detail::any_conversion
         ,            Element=float
         ,            System=thrust::detail::seq_t
         ,            T=float
                 ]
     1>C:\Program Files\NVIDIA GPU Computing Toolkit\CUDA\v7.5\include\thrust/detail/tuple.inl(375): warning C4503: 'thrust::iterator_facade<thrust::zip_iterator<thrust::tuple<InputIterator,OutputIterator,thrust::null_type,thrust::null_type,thrust::null_type,thrust::null_type,thrust::null_type,thrust::null_type,thrust::null_type,thrust::null_type>>,thrust::tuple<thrust::tuple<int,int,thrust::null_type,thrust::null_type,thrust::null_type,thrust::null_type,thrust::null_type,thrust::null_type,thrust::null_type,thrust::null_type>,thrust::tuple<int,int,thrust::null_type,thrust::null_type,thrust::null_type,thrust::null_type,thrust::null_type,thrust::null_type,thrust::null_type,thrust::null_type>,thrust::null_type,thrust::null_type,thrust::null_type,thrust::null_type,thrust::null_type,thrust::null_type,thrust::null_type,thrust::null_type>,thrust::detail::unrelated_systems<T1,T2,T3,T4,T5,T6,T7,T8,T9,T10,T11,T12,T13,T14,T15,T16>,thrust::random_access_traversal_tag,thrust::detail::tuple_of_iterator_references<thrust::detail::tuple_of_iterator_references<thrust::reference<Element,thrust::pointer<Element,System,thrust::use_default,thrust::use_default>,thrust::use_default>,int &,thrust::null_type,thrust::null_type,thrust::null_type,thrust::null_type,thrust::null_type,thrust::null_type,thrust::null_type,thrust::null_type>,thrust::detail::tuple_of_iterator_references<thrust::device_reference<T>,int &,thrust::null_type,thrust::null_type,thrust::null_type,thrust::null_type,thrust::null_type,thrust::null_type,thrust::null_type,thrust::null_type>,thrust::null_type,thrust::null_type,thrust::null_type,thrust::null_type,thrust::null_type,thrust::null_type,thrust::null_type,thrust::null_type>,__int64>' : decorated name length exceeded, name was truncated
                 with
                 [
                     InputIterator=thrust::zip_iterator<thrust::tuple<thrust::detail::normal_iterator<thrust::pointer<int,thrust::detail::seq_t,thrust::use_default,thrust::use_default>>,int *,thrust::null_type,thrust::null_type,thrust::null_type,thrust::null_type,thrust::null_type,thrust::null_type,thrust::null_type,thrust::null_type>>
         ,            OutputIterator=thrust::permutation_iterator<thrust::zip_iterator<thrust::tuple<thrust::detail::normal_iterator<thrust::device_ptr<int>>,int *,thrust::null_type,thrust::null_type,thrust::null_type,thrust::null_type,thrust::null_type,thrust::null_type,thrust::null_type,thrust::null_type>>,thrust::transform_iterator<thrust::system::detail::sequential::radix_sort_detail::bucket_functor<4,int>,thrust::detail::normal_iterator<thrust::pointer<int,thrust::detail::seq_t,thrust::use_default,thrust::use_default>>,thrust::use_default,thrust::use_default>>
         ,            T1=thrust::detail::seq_t
         ,            T2=thrust::detail::unrelated_systems<thrust::detail::unrelated_systems<thrust::system::cuda::detail::tag,thrust::system::cpp::detail::tag,thrust::detail::minimum_type_detail::any_conversion,thrust::detail::minimum_type_detail::any_conversion,thrust::detail::minimum_type_detail::any_conversion,thrust::detail::minimum_type_detail::any_conversion,thrust::detail::minimum_type_detail::any_conversion,thrust::detail::minimum_type_detail::any_conversion,thrust::detail::minimum_type_detail::any_conversion,thrust::detail::minimum_type_detail::any_conversion,thrust::detail::minimum_type_detail::any_conversion,thrust::detail::minimum_type_detail::any_conversion,thrust::detail::minimum_type_detail::any_conversion,thrust::detail::minimum_type_detail::any_conversion,thrust::detail::minimum_type_detail::any_conversion,thrust::detail::minimum_type_detail::any_conversion>,thrust::detail::seq_t,thrust::detail::minimum_type_detail::any_conversion,thrust::detail::minimum_type_detail::any_conversion,thrust::detail::minimum_type_detail::any_conversion,thrust::detail::minimum_type_detail::any_conversion,thrust::detail::minimum_type_detail::any_conversion,thrust::detail::minimum_type_detail::any_conversion,thrust::detail::minimum_type_detail::any_conversion,thrust::detail::minimum_type_detail::any_conversion,thrust::detail::minimum_type_detail::any_conversion,thrust::detail::minimum_type_detail::any_conversion,thrust::detail::minimum_type_detail::any_conversion,thrust::detail::minimum_type_detail::any_conversion,thrust::detail::minimum_type_detail::any_conversion,thrust::detail::minimum_type_detail::any_conversion>
         ,            T3=thrust::detail::minimum_type_detail::any_conversion
         ,            T4=thrust::detail::minimum_type_detail::any_conversion
         ,            T5=thrust::detail::minimum_type_detail::any_conversion
         ,            T6=thrust::detail::minimum_type_detail::any_conversion
         ,            T7=thrust::detail::minimum_type_detail::any_conversion
         ,            T8=thrust::detail::minimum_type_detail::any_conversion
         ,            T9=thrust::detail::minimum_type_detail::any_conversion
         ,            T10=thrust::detail::minimum_type_detail::any_conversion
         ,            T11=thrust::detail::minimum_type_detail::any_conversion
         ,            T12=thrust::detail::minimum_type_detail::any_conversion
         ,            T13=thrust::detail::minimum_type_detail::any_conversion
         ,            T14=thrust::detail::minimum_type_detail::any_conversion
         ,            T15=thrust::detail::minimum_type_detail::any_conversion
         ,            T16=thrust::detail::minimum_type_detail::any_conversion
         ,            Element=int
         ,            System=thrust::detail::seq_t
         ,            T=int
                 ]
     1>C:\Program Files\NVIDIA GPU Computing Toolkit\CUDA\v7.5\include\thrust/detail/tuple.inl(375): warning C4503: 'thrust::iterator_facade<thrust::zip_iterator<thrust::tuple<InputIterator,OutputIterator,thrust::null_type,thrust::null_type,thrust::null_type,thrust::null_type,thrust::null_type,thrust::null_type,thrust::null_type,thrust::null_type>>,thrust::tuple<thrust::tuple<float,int,thrust::null_type,thrust::null_type,thrust::null_type,thrust::null_type,thrust::null_type,thrust::null_type,thrust::null_type,thrust::null_type>,thrust::tuple<float,int,thrust::null_type,thrust::null_type,thrust::null_type,thrust::null_type,thrust::null_type,thrust::null_type,thrust::null_type,thrust::null_type>,thrust::null_type,thrust::null_type,thrust::null_type,thrust::null_type,thrust::null_type,thrust::null_type,thrust::null_type,thrust::null_type>,thrust::detail::unrelated_systems<T1,T2,T3,T4,T5,T6,T7,T8,T9,T10,T11,T12,T13,T14,T15,T16>,thrust::random_access_traversal_tag,thrust::detail::tuple_of_iterator_references<thrust::detail::tuple_of_iterator_references<thrust::reference<Element,thrust::pointer<Element,System,thrust::use_default,thrust::use_default>,thrust::use_default>,int &,thrust::null_type,thrust::null_type,thrust::null_type,thrust::null_type,thrust::null_type,thrust::null_type,thrust::null_type,thrust::null_type>,thrust::detail::tuple_of_iterator_references<thrust::device_reference<T>,int &,thrust::null_type,thrust::null_type,thrust::null_type,thrust::null_type,thrust::null_type,thrust::null_type,thrust::null_type,thrust::null_type>,thrust::null_type,thrust::null_type,thrust::null_type,thrust::null_type,thrust::null_type,thrust::null_type,thrust::null_type,thrust::null_type>,__int64>' : decorated name length exceeded, name was truncated
                 with
                 [
                     InputIterator=thrust::zip_iterator<thrust::tuple<thrust::detail::normal_iterator<thrust::pointer<float,thrust::detail::seq_t,thrust::use_default,thrust::use_default>>,int *,thrust::null_type,thrust::null_type,thrust::null_type,thrust::null_type,thrust::null_type,thrust::null_type,thrust::null_type,thrust::null_type>>
         ,            OutputIterator=thrust::permutation_iterator<thrust::zip_iterator<thrust::tuple<thrust::detail::normal_iterator<thrust::device_ptr<float>>,int *,thrust::null_type,thrust::null_type,thrust::null_type,thrust::null_type,thrust::null_type,thrust::null_type,thrust::null_type,thrust::null_type>>,thrust::transform_iterator<thrust::system::detail::sequential::radix_sort_detail::bucket_functor<8,float>,thrust::detail::normal_iterator<thrust::pointer<float,thrust::detail::seq_t,thrust::use_default,thrust::use_default>>,thrust::use_default,thrust::use_default>>
         ,            T1=thrust::detail::seq_t
         ,            T2=thrust::detail::unrelated_systems<thrust::detail::unrelated_systems<thrust::system::cuda::detail::tag,thrust::system::cpp::detail::tag,thrust::detail::minimum_type_detail::any_conversion,thrust::detail::minimum_type_detail::any_conversion,thrust::detail::minimum_type_detail::any_conversion,thrust::detail::minimum_type_detail::any_conversion,thrust::detail::minimum_type_detail::any_conversion,thrust::detail::minimum_type_detail::any_conversion,thrust::detail::minimum_type_detail::any_conversion,thrust::detail::minimum_type_detail::any_conversion,thrust::detail::minimum_type_detail::any_conversion,thrust::detail::minimum_type_detail::any_conversion,thrust::detail::minimum_type_detail::any_conversion,thrust::detail::minimum_type_detail::any_conversion,thrust::detail::minimum_type_detail::any_conversion,thrust::detail::minimum_type_detail::any_conversion>,thrust::detail::seq_t,thrust::detail::minimum_type_detail::any_conversion,thrust::detail::minimum_type_detail::any_conversion,thrust::detail::minimum_type_detail::any_conversion,thrust::detail::minimum_type_detail::any_conversion,thrust::detail::minimum_type_detail::any_conversion,thrust::detail::minimum_type_detail::any_conversion,thrust::detail::minimum_type_detail::any_conversion,thrust::detail::minimum_type_detail::any_conversion,thrust::detail::minimum_type_detail::any_conversion,thrust::detail::minimum_type_detail::any_conversion,thrust::detail::minimum_type_detail::any_conversion,thrust::detail::minimum_type_detail::any_conversion,thrust::detail::minimum_type_detail::any_conversion,thrust::detail::minimum_type_detail::any_conversion>
         ,            T3=thrust::detail::minimum_type_detail::any_conversion
         ,            T4=thrust::detail::minimum_type_detail::any_conversion
         ,            T5=thrust::detail::minimum_type_detail::any_conversion
         ,            T6=thrust::detail::minimum_type_detail::any_conversion
         ,            T7=thrust::detail::minimum_type_detail::any_conversion
         ,            T8=thrust::detail::minimum_type_detail::any_conversion
         ,            T9=thrust::detail::minimum_type_detail::any_conversion
         ,            T10=thrust::detail::minimum_type_detail::any_conversion
         ,            T11=thrust::detail::minimum_type_detail::any_conversion
         ,            T12=thrust::detail::minimum_type_detail::any_conversion
         ,            T13=thrust::detail::minimum_type_detail::any_conversion
         ,            T14=thrust::detail::minimum_type_detail::any_conversion
         ,            T15=thrust::detail::minimum_type_detail::any_conversion
         ,            T16=thrust::detail::minimum_type_detail::any_conversion
         ,            Element=float
         ,            System=thrust::detail::seq_t
         ,            T=float
                 ]
     1>C:\Program Files\NVIDIA GPU Computing Toolkit\CUDA\v7.5\include\thrust/detail/tuple.inl(375): warning C4503: 'thrust::iterator_facade<thrust::zip_iterator<thrust::tuple<InputIterator,OutputIterator,thrust::null_type,thrust::null_type,thrust::null_type,thrust::null_type,thrust::null_type,thrust::null_type,thrust::null_type,thrust::null_type>>,thrust::tuple<thrust::tuple<int,int,thrust::null_type,thrust::null_type,thrust::null_type,thrust::null_type,thrust::null_type,thrust::null_type,thrust::null_type,thrust::null_type>,thrust::tuple<int,int,thrust::null_type,thrust::null_type,thrust::null_type,thrust::null_type,thrust::null_type,thrust::null_type,thrust::null_type,thrust::null_type>,thrust::null_type,thrust::null_type,thrust::null_type,thrust::null_type,thrust::null_type,thrust::null_type,thrust::null_type,thrust::null_type>,thrust::detail::unrelated_systems<T1,T2,T3,T4,T5,T6,T7,T8,T9,T10,T11,T12,T13,T14,T15,T16>,thrust::random_access_traversal_tag,thrust::detail::tuple_of_iterator_references<thrust::detail::tuple_of_iterator_references<thrust::reference<Element,thrust::pointer<Element,System,thrust::use_default,thrust::use_default>,thrust::use_default>,int &,thrust::null_type,thrust::null_type,thrust::null_type,thrust::null_type,thrust::null_type,thrust::null_type,thrust::null_type,thrust::null_type>,thrust::detail::tuple_of_iterator_references<thrust::device_reference<T>,int &,thrust::null_type,thrust::null_type,thrust::null_type,thrust::null_type,thrust::null_type,thrust::null_type,thrust::null_type,thrust::null_type>,thrust::null_type,thrust::null_type,thrust::null_type,thrust::null_type,thrust::null_type,thrust::null_type,thrust::null_type,thrust::null_type>,__int64>' : decorated name length exceeded, name was truncated
                 with
                 [
                     InputIterator=thrust::zip_iterator<thrust::tuple<thrust::detail::normal_iterator<thrust::pointer<int,thrust::detail::seq_t,thrust::use_default,thrust::use_default>>,int *,thrust::null_type,thrust::null_type,thrust::null_type,thrust::null_type,thrust::null_type,thrust::null_type,thrust::null_type,thrust::null_type>>
         ,            OutputIterator=thrust::permutation_iterator<thrust::zip_iterator<thrust::tuple<thrust::detail::normal_iterator<thrust::device_ptr<int>>,int *,thrust::null_type,thrust::null_type,thrust::null_type,thrust::null_type,thrust::null_type,thrust::null_type,thrust::null_type,thrust::null_type>>,thrust::transform_iterator<thrust::system::detail::sequential::radix_sort_detail::bucket_functor<8,int>,thrust::detail::normal_iterator<thrust::pointer<int,thrust::detail::seq_t,thrust::use_default,thrust::use_default>>,thrust::use_default,thrust::use_default>>
         ,            T1=thrust::detail::seq_t
         ,            T2=thrust::detail::unrelated_systems<thrust::detail::unrelated_systems<thrust::system::cuda::detail::tag,thrust::system::cpp::detail::tag,thrust::detail::minimum_type_detail::any_conversion,thrust::detail::minimum_type_detail::any_conversion,thrust::detail::minimum_type_detail::any_conversion,thrust::detail::minimum_type_detail::any_conversion,thrust::detail::minimum_type_detail::any_conversion,thrust::detail::minimum_type_detail::any_conversion,thrust::detail::minimum_type_detail::any_conversion,thrust::detail::minimum_type_detail::any_conversion,thrust::detail::minimum_type_detail::any_conversion,thrust::detail::minimum_type_detail::any_conversion,thrust::detail::minimum_type_detail::any_conversion,thrust::detail::minimum_type_detail::any_conversion,thrust::detail::minimum_type_detail::any_conversion,thrust::detail::minimum_type_detail::any_conversion>,thrust::detail::seq_t,thrust::detail::minimum_type_detail::any_conversion,thrust::detail::minimum_type_detail::any_conversion,thrust::detail::minimum_type_detail::any_conversion,thrust::detail::minimum_type_detail::any_conversion,thrust::detail::minimum_type_detail::any_conversion,thrust::detail::minimum_type_detail::any_conversion,thrust::detail::minimum_type_detail::any_conversion,thrust::detail::minimum_type_detail::any_conversion,thrust::detail::minimum_type_detail::any_conversion,thrust::detail::minimum_type_detail::any_conversion,thrust::detail::minimum_type_detail::any_conversion,thrust::detail::minimum_type_detail::any_conversion,thrust::detail::minimum_type_detail::any_conversion,thrust::detail::minimum_type_detail::any_conversion>
         ,            T3=thrust::detail::minimum_type_detail::any_conversion
         ,            T4=thrust::detail::minimum_type_detail::any_conversion
         ,            T5=thrust::detail::minimum_type_detail::any_conversion
         ,            T6=thrust::detail::minimum_type_detail::any_conversion
         ,            T7=thrust::detail::minimum_type_detail::any_conversion
         ,            T8=thrust::detail::minimum_type_detail::any_conversion
         ,            T9=thrust::detail::minimum_type_detail::any_conversion
         ,            T10=thrust::detail::minimum_type_detail::any_conversion
         ,            T11=thrust::detail::minimum_type_detail::any_conversion
         ,            T12=thrust::detail::minimum_type_detail::any_conversion
         ,            T13=thrust::detail::minimum_type_detail::any_conversion
         ,            T14=thrust::detail::minimum_type_detail::any_conversion
         ,            T15=thrust::detail::minimum_type_detail::any_conversion
         ,            T16=thrust::detail::minimum_type_detail::any_conversion
         ,            Element=int
         ,            System=thrust::detail::seq_t
         ,            T=int
                 ]
       Link:
         C:\Program Files (x86)\Microsoft Visual Studio 12.0\VC\bin\x86_amd64\link.exe /ERRORREPORT:PROMPT /OUT:"C:\Users\UTRGVCS\Documents\Visual Studio 2013\Projects\CUDA_Thrust_sort1\x64\Release\CUDA_Thrust_sort1.exe" /NOLOGO /LIBPATH:"C:\Program Files\NVIDIA GPU Computing Toolkit\CUDA\v7.5\lib\x64" cudart.lib kernel32.lib user32.lib gdi32.lib winspool.lib comdlg32.lib advapi32.lib shell32.lib ole32.lib oleaut32.lib uuid.lib odbc32.lib odbccp32.lib kernel32.lib user32.lib gdi32.lib winspool.lib comdlg32.lib advapi32.lib shell32.lib ole32.lib oleaut32.lib uuid.lib odbc32.lib odbccp32.lib /MANIFEST /MANIFESTUAC:"level='asInvoker' uiAccess='false'" /manifest:embed /DEBUG /PDB:"C:\Users\UTRGVCS\Documents\Visual Studio 2013\Projects\CUDA_Thrust_sort1\x64\Release\CUDA_Thrust_sort1.pdb" /SUBSYSTEM:CONSOLE /OPT:REF /OPT:ICF /LTCG /TLBID:1 /DYNAMICBASE /NXCOMPAT /IMPLIB:"C:\Users\UTRGVCS\Documents\Visual Studio 2013\Projects\CUDA_Thrust_sort1\x64\Release\CUDA_Thrust_sort1.lib" /MACHINE:X64 x64\Release\kernel.cu.obj
         LINK : /LTCG specified but no code generation required; remove /LTCG from the link command line to improve linker performance
         CUDA_Thrust_sort1.vcxproj -> C:\Users\UTRGVCS\Documents\Visual Studio 2013\Projects\CUDA_Thrust_sort1\x64\Release\CUDA_Thrust_sort1.exe
       PostBuildEvent:
         echo copy "C:\Program Files\NVIDIA GPU Computing Toolkit\CUDA\v7.5\bin\cudart*.dll" "C:\Users\UTRGVCS\Documents\Visual Studio 2013\Projects\CUDA_Thrust_sort1\x64\Release\"
         copy "C:\Program Files\NVIDIA GPU Computing Toolkit\CUDA\v7.5\bin\cudart*.dll" "C:\Users\UTRGVCS\Documents\Visual Studio 2013\Projects\CUDA_Thrust_sort1\x64\Release\"
         :VCEnd
         copy "C:\Program Files\NVIDIA GPU Computing Toolkit\CUDA\v7.5\bin\cudart*.dll" "C:\Users\UTRGVCS\Documents\Visual Studio 2013\Projects\CUDA_Thrust_sort1\x64\Release\"
         C:\Program Files\NVIDIA GPU Computing Toolkit\CUDA\v7.5\bin\cudart32_75.dll
         C:\Program Files\NVIDIA GPU Computing Toolkit\CUDA\v7.5\bin\cudart64_75.dll
                 2 file(s) copied.
     1>Done Building Project "C:\Users\UTRGVCS\Documents\Visual Studio 2013\Projects\CUDA_Thrust_sort1\CUDA_Thrust_sort1\CUDA_Thrust_sort1.vcxproj" (Build target(s)).

Build succeeded.

Time Elapsed 00:00:31.73
